<dpi:DPI_OECD version="1.0" xmlns:dpi="urn:oecd:ties:dpi:v1"
              xmlns:gsm="http://www.hmrc.gsi.gov.uk/gsm" xmlns:iso="urn:oecd:ties:isodpitypes:v1"
              xmlns:stf="urn:oecd:ties:dpistf:v1" xmlns:xs="http://www.w3.org/2001/XMLSchema"
              xmlns:xsi="http://www.w3.org/2001/XMLSchema-instance">
  <dpi:MessageSpec>
    <dpi:SendingEntityIN>operatorId</dpi:SendingEntityIN>
    <dpi:TransmittingCountry>GB</dpi:TransmittingCountry>
    <dpi:ReceivingCountry>GB</dpi:ReceivingCountry>
    <dpi:MessageType>DPI</dpi:MessageType>
    <dpi:MessageRefId>GB2024GB-operatorId-06abd30ff30248328a1c028873b2f4bf</dpi:MessageRefId>
    <dpi:MessageTypeIndic>DPI402</dpi:MessageTypeIndic>
    <dpi:ReportingPeriod>2024-12-31</dpi:ReportingPeriod>
    <dpi:Timestamp>2024-12-01T12:30:45</dpi:Timestamp>
  </dpi:MessageSpec>
  <dpi:DPIBody>
    <dpi:PlatformOperator>
      <dpi:ResCountryCode>GB</dpi:ResCountryCode>
      <dpi:TIN issuedBy="GB">tin1</dpi:TIN>
      <dpi:TIN issuedBy="GB">tin2</dpi:TIN>
      <dpi:Name>operatorName</dpi:Name>
      <dpi:PlatformBusinessName>operatorName</dpi:PlatformBusinessName>
      <dpi:PlatformBusinessName>businessName</dpi:PlatformBusinessName>
      <dpi:PlatformBusinessName>tradingName</dpi:PlatformBusinessName>
      <dpi:Address legalAddressType="OECD304">
        <dpi:CountryCode>GB</dpi:CountryCode>
        <dpi:AddressFix>
          <dpi:PostCode>postcode</dpi:PostCode>
          <dpi:City>line3</dpi:City>
        </dpi:AddressFix>
        <dpi:AddressFree>line1, line2, line3, line4, postcode, GB</dpi:AddressFree>
      </dpi:Address>
      <dpi:AssumedReporting>true</dpi:AssumedReporting>
      <dpi:DocSpec>
        <stf:DocTypeIndic>OECD2</stf:DocTypeIndic>
        <stf:DocRefId>GB2024GB-operatorId-06abd30ff30248328a1c028873b2f4bf-507eb793f0a5404588285300f61e9bd3</stf:DocRefId>
        <stf:CorrDocRefId>GB2024GB-operatorId-86233cb749224e54a5ff75f5e62eec0d-eb6bb8e968794f4ebebf7d2f6a6d95c9</stf:CorrDocRefId>
      </dpi:DocSpec>
    </dpi:PlatformOperator>
    <dpi:OtherPlatformOperators>
      <dpi:AssumingPlatformOperator>
        <dpi:ResCountryCode>US</dpi:ResCountryCode>
        <dpi:TIN issuedBy="GB">tin3</dpi:TIN>
        <dpi:TIN issuedBy="GB">tin4</dpi:TIN>
        <dpi:Name>assumingOperator</dpi:Name>
        <dpi:Address legalAddressType="OECD304">
          <dpi:CountryCode>US</dpi:CountryCode>
          <dpi:AddressFix>
            <dpi:PostCode>assumed postcode</dpi:PostCode>
            <dpi:City>assumed city</dpi:City>
            <dpi:CountrySubentity>assumed regionName</dpi:CountrySubentity>
          </dpi:AddressFix>
          <dpi:AddressFree>assumed line1, assumed line2, assumed city, assumed regionName,
            assumed postcode, US</dpi:AddressFree>
        </dpi:Address>
        <dpi:DocSpec>
          <stf:DocTypeIndic>OECD2</stf:DocTypeIndic>
          <stf:DocRefId>GB2024GB-operatorId-06abd30ff30248328a1c028873b2f4bf-c181f0b5f8f5404698234b4978f9ed39</stf:DocRefId>
          <stf:CorrDocRefId>GB2024GB-operatorId-86233cb749224e54a5ff75f5e62eec0d-a84001baef8a45f6a47fd5eca823fc33</stf:CorrDocRefId>
        </dpi:DocSpec>
      </dpi:AssumingPlatformOperator>
    </dpi:OtherPlatformOperators>
  </dpi:DPIBody>
</dpi:DPI_OECD>